<?xml version="1.0" encoding="UTF-8"?>
<testsuite name="org.jackhuang.hmcl.ai.AiSettingsTest" tests="13" skipped="0" failures="0" errors="0" timestamp="2026-06-26T22:38:20.070Z" hostname="localhost" time="0.266">
  <properties/>
  <testcase name="testAdvancedParametersRoundTrip()" classname="org.jackhuang.hmcl.ai.AiSettingsTest" time="0.238"/>
  <testcase name="testDefaultsForNewGlobalSettings()" classname="org.jackhuang.hmcl.ai.AiSettingsTest" time="0.011"/>
  <testcase name="testEmptyApiKey()" classname="org.jackhuang.hmcl.ai.AiSettingsTest" time="0.002"/>
  <testcase name="testProfileManagement()" classname="org.jackhuang.hmcl.ai.AiSettingsTest" time="0.001"/>
  <testcase name="testSaveLoadRoundTrip()" classname="org.jackhuang.hmcl.ai.AiSettingsTest" time="0.002"/>
  <testcase name="testCorruptedApiKeyFallsBackToEmpty()" classname="org.jackhuang.hmcl.ai.AiSettingsTest" time="0.001"/>
  <testcase name="testGlobalBehaviorSettingsRoundTrip()" classname="org.jackhuang.hmcl.ai.AiSettingsTest" time="0.001"/>
  <testcase name="testApprovalModeSerialization()" classname="org.jackhuang.hmcl.ai.AiSettingsTest" time="0.002"/>
  <testcase name="testStopSequencesImmutability()" classname="org.jackhuang.hmcl.ai.AiSettingsTest" time="0.001"/>
  <testcase name="testDefaultsWhenFileMissing()" classname="org.jackhuang.hmcl.ai.AiSettingsTest" time="0.0"/>
  <testcase name="testBackwardMigrationFromLegacySettings()" classname="org.jackhuang.hmcl.ai.AiSettingsTest" time="0.001"/>
  <testcase name="testMultiProfileRoundTrip()" classname="org.jackhuang.hmcl.ai.AiSettingsTest" time="0.001"/>
  <testcase name="testNullableAdvancedFieldsRoundTrip()" classname="org.jackhuang.hmcl.ai.AiSettingsTest" time="0.0"/>
  <system-out><![CDATA[]]></system-out>
  <system-err><![CDATA[]]></system-err>
</testsuite>
