<?xml version="1.0" encoding="UTF-8"?>
<testsuite name="org.jackhuang.hmcl.ai.langchain4j.LangChain4jModelFactoryTest" tests="6" skipped="0" failures="0" errors="0" timestamp="2026-06-26T22:38:22.817Z" hostname="localhost" time="0.063">
  <properties/>
  <testcase name="testBuildStreamingChatModelFromConfig()" classname="org.jackhuang.hmcl.ai.langchain4j.LangChain4jModelFactoryTest" time="0.014"/>
  <testcase name="testBuildChatModelFromConfig()" classname="org.jackhuang.hmcl.ai.langchain4j.LangChain4jModelFactoryTest" time="0.013"/>
  <testcase name="testBuildWithLogging()" classname="org.jackhuang.hmcl.ai.langchain4j.LangChain4jModelFactoryTest" time="0.033"/>
  <testcase name="testExtractBaseUrlNoSuffix()" classname="org.jackhuang.hmcl.ai.langchain4j.LangChain4jModelFactoryTest" time="0.0"/>
  <testcase name="testExtractBaseUrlStripsChatPath()" classname="org.jackhuang.hmcl.ai.langchain4j.LangChain4jModelFactoryTest" time="0.0"/>
  <testcase name="testExtractBaseUrlCustomPath()" classname="org.jackhuang.hmcl.ai.langchain4j.LangChain4jModelFactoryTest" time="0.0"/>
  <system-out><![CDATA[]]></system-out>
  <system-err><![CDATA[]]></system-err>
</testsuite>
