<?xml version="1.0" encoding="UTF-8"?>
<testsuite name="org.jackhuang.hmcl.ai.AiProviderProfileTest" tests="7" skipped="0" failures="0" errors="0" timestamp="2026-06-26T22:38:19.892Z" hostname="localhost" time="0.012">
  <properties/>
  <testcase name="testEffectiveModelIdFallbackToCached()" classname="org.jackhuang.hmcl.ai.AiProviderProfileTest" time="0.001"/>
  <testcase name="testSetterUpdates()" classname="org.jackhuang.hmcl.ai.AiProviderProfileTest" time="0.001"/>
  <testcase name="testFullConstructor()" classname="org.jackhuang.hmcl.ai.AiProviderProfileTest" time="0.0"/>
  <testcase name="testEffectiveModelIdReturnsDefault()" classname="org.jackhuang.hmcl.ai.AiProviderProfileTest" time="0.001"/>
  <testcase name="testEffectiveModelIdReturnsNullWhenEmpty()" classname="org.jackhuang.hmcl.ai.AiProviderProfileTest" time="0.0"/>
  <testcase name="testCachedModelsDefensiveCopy()" classname="org.jackhuang.hmcl.ai.AiProviderProfileTest" time="0.008"/>
  <testcase name="testDefaultConstructor()" classname="org.jackhuang.hmcl.ai.AiProviderProfileTest" time="0.0"/>
  <system-out><![CDATA[]]></system-out>
  <system-err><![CDATA[]]></system-err>
</testsuite>
