<?xml version="1.0" encoding="UTF-8"?>
<testsuite name="org.jackhuang.hmcl.ai.AiEndpointNormalizerTest" tests="16" skipped="0" failures="0" errors="0" timestamp="2026-06-26T22:38:19.114Z" hostname="localhost" time="0.205">
  <properties/>
  <testcase name="testMissingSchemeDefaultsToHttps()" classname="org.jackhuang.hmcl.ai.AiEndpointNormalizerTest" time="0.106"/>
  <testcase name="testOpenAiPathSuffixAppended()" classname="org.jackhuang.hmcl.ai.AiEndpointNormalizerTest" time="0.002"/>
  <testcase name="testPrivate10RangeHttp()" classname="org.jackhuang.hmcl.ai.AiEndpointNormalizerTest" time="0.001"/>
  <testcase name="testTrailingSlashBeforeSuffix()" classname="org.jackhuang.hmcl.ai.AiEndpointNormalizerTest" time="0.011"/>
  <testcase name="testFullUrlPreserved()" classname="org.jackhuang.hmcl.ai.AiEndpointNormalizerTest" time="0.0"/>
  <testcase name="testAnthropicPathSuffixAppended()" classname="org.jackhuang.hmcl.ai.AiEndpointNormalizerTest" time="0.0"/>
  <testcase name="testUserProvidedFullPathPreserved()" classname="org.jackhuang.hmcl.ai.AiEndpointNormalizerTest" time="0.0"/>
  <testcase name="testUnknownFamilyReturnsNull()" classname="org.jackhuang.hmcl.ai.AiEndpointNormalizerTest" time="0.0"/>
  <testcase name="testPrivateIpDefaultsToHttp()" classname="org.jackhuang.hmcl.ai.AiEndpointNormalizerTest" time="0.0"/>
  <testcase name="testOpenAiReasoningSameSuffix()" classname="org.jackhuang.hmcl.ai.AiEndpointNormalizerTest" time="0.0"/>
  <testcase name="testLocalhostDefaultsToHttp()" classname="org.jackhuang.hmcl.ai.AiEndpointNormalizerTest" time="0.0"/>
  <testcase name="testUserPathPreserved()" classname="org.jackhuang.hmcl.ai.AiEndpointNormalizerTest" time="0.0"/>
  <testcase name="testPrivate172RangeHttp()" classname="org.jackhuang.hmcl.ai.AiEndpointNormalizerTest" time="0.001"/>
  <testcase name="testRestApiNoSuffix()" classname="org.jackhuang.hmcl.ai.AiEndpointNormalizerTest" time="0.0"/>
  <testcase name="testNullInputReturnsNull()" classname="org.jackhuang.hmcl.ai.AiEndpointNormalizerTest" time="0.003"/>
  <testcase name="testLoopbackDefaultsToHttp()" classname="org.jackhuang.hmcl.ai.AiEndpointNormalizerTest" time="0.0"/>
  <system-out><![CDATA[]]></system-out>
  <system-err><![CDATA[]]></system-err>
</testsuite>
