<?xml version="1.0" encoding="UTF-8"?>
<testsuite name="org.jackhuang.hmcl.ai.AiModelPresetTest" tests="8" skipped="0" failures="0" errors="0" timestamp="2026-06-26T22:38:19.847Z" hostname="localhost" time="0.044">
  <properties/>
  <testcase name="testFindDeepSeekModel()" classname="org.jackhuang.hmcl.ai.AiModelPresetTest" time="0.034"/>
  <testcase name="testFindKnownModel()" classname="org.jackhuang.hmcl.ai.AiModelPresetTest" time="0.004"/>
  <testcase name="testFindAnthropicModel()" classname="org.jackhuang.hmcl.ai.AiModelPresetTest" time="0.001"/>
  <testcase name="testPresetFieldAccessors()" classname="org.jackhuang.hmcl.ai.AiModelPresetTest" time="0.0"/>
  <testcase name="testFindReasoningModel()" classname="org.jackhuang.hmcl.ai.AiModelPresetTest" time="0.0"/>
  <testcase name="testNullModelIdReturnsNull()" classname="org.jackhuang.hmcl.ai.AiModelPresetTest" time="0.001"/>
  <testcase name="testUnknownModelReturnsNull()" classname="org.jackhuang.hmcl.ai.AiModelPresetTest" time="0.0"/>
  <testcase name="testEmptyModelIdReturnsNull()" classname="org.jackhuang.hmcl.ai.AiModelPresetTest" time="0.0"/>
  <system-out><![CDATA[]]></system-out>
  <system-err><![CDATA[]]></system-err>
</testsuite>
