<?xml version="1.0" encoding="UTF-8"?>
<testsuite name="org.jackhuang.hmcl.ai.tools.CrashAnalyzerToolTest" tests="7" skipped="0" failures="0" errors="0" timestamp="2026-06-26T22:38:22.975Z" hostname="localhost" time="0.038">
  <properties/>
  <testcase name="testEmptyCrashText()" classname="org.jackhuang.hmcl.ai.tools.CrashAnalyzerToolTest" time="0.013"/>
  <testcase name="testUnknownExceptionType()" classname="org.jackhuang.hmcl.ai.tools.CrashAnalyzerToolTest" time="0.022"/>
  <testcase name="testParseCrashWithoutMods()" classname="org.jackhuang.hmcl.ai.tools.CrashAnalyzerToolTest" time="0.0"/>
  <testcase name="testNameAndDescription()" classname="org.jackhuang.hmcl.ai.tools.CrashAnalyzerToolTest" time="0.001"/>
  <testcase name="testIncompatibleModDetection()" classname="org.jackhuang.hmcl.ai.tools.CrashAnalyzerToolTest" time="0.0"/>
  <testcase name="testParseFullCrashReport()" classname="org.jackhuang.hmcl.ai.tools.CrashAnalyzerToolTest" time="0.001"/>
  <testcase name="testMissingCrashTextParameter()" classname="org.jackhuang.hmcl.ai.tools.CrashAnalyzerToolTest" time="0.0"/>
  <system-out><![CDATA[]]></system-out>
  <system-err><![CDATA[]]></system-err>
</testsuite>
