<?xml version="1.0" encoding="UTF-8"?>
<testsuite name="org.jackhuang.hmcl.ai.tools.ToolRegistryTest" tests="5" skipped="0" failures="0" errors="0" timestamp="2026-06-26T22:38:23.074Z" hostname="localhost" time="0.002">
  <properties/>
  <testcase name="testGetUnknownNameReturnsNull()" classname="org.jackhuang.hmcl.ai.tools.ToolRegistryTest" time="0.001"/>
  <testcase name="testRegisterReplacesExisting()" classname="org.jackhuang.hmcl.ai.tools.ToolRegistryTest" time="0.0"/>
  <testcase name="testListEmptyRegistry()" classname="org.jackhuang.hmcl.ai.tools.ToolRegistryTest" time="0.0"/>
  <testcase name="testListPreservesInsertionOrder()" classname="org.jackhuang.hmcl.ai.tools.ToolRegistryTest" time="0.001"/>
  <testcase name="testRegisterAndGet()" classname="org.jackhuang.hmcl.ai.tools.ToolRegistryTest" time="0.0"/>
  <system-out><![CDATA[]]></system-out>
  <system-err><![CDATA[]]></system-err>
</testsuite>
