<?xml version="1.0" encoding="UTF-8"?>
<testsuite name="org.jackhuang.hmcl.ai.tools.FileBackupToolTest" tests="6" skipped="0" failures="0" errors="0" timestamp="2026-06-26T22:38:23.025Z" hostname="localhost" time="0.03">
  <properties/>
  <testcase name="testRestoreNoBackup(Path)" classname="org.jackhuang.hmcl.ai.tools.FileBackupToolTest" time="0.021"/>
  <testcase name="testToolMetadata()" classname="org.jackhuang.hmcl.ai.tools.FileBackupToolTest" time="0.0"/>
  <testcase name="testUnknownAction()" classname="org.jackhuang.hmcl.ai.tools.FileBackupToolTest" time="0.0"/>
  <testcase name="testMissingParameters()" classname="org.jackhuang.hmcl.ai.tools.FileBackupToolTest" time="0.001"/>
  <testcase name="testBackupAndRestore(Path)" classname="org.jackhuang.hmcl.ai.tools.FileBackupToolTest" time="0.002"/>
  <testcase name="testBackupMissingFile(Path)" classname="org.jackhuang.hmcl.ai.tools.FileBackupToolTest" time="0.0"/>
  <system-out><![CDATA[]]></system-out>
  <system-err><![CDATA[]]></system-err>
</testsuite>
