<?xml version="1.0" encoding="UTF-8"?>
<testsuite name="org.jackhuang.hmcl.ai.langchain4j.LangChain4jChatAdapterTest" tests="9" skipped="0" failures="0" errors="0" timestamp="2026-06-26T22:38:22.767Z" hostname="localhost" time="0.05">
  <properties/>
  <testcase name="testWrapErrorGenericException()" classname="org.jackhuang.hmcl.ai.langchain4j.LangChain4jChatAdapterTest" time="0.0"/>
  <testcase name="testConvertMessagesAssistantRole()" classname="org.jackhuang.hmcl.ai.langchain4j.LangChain4jChatAdapterTest" time="0.006"/>
  <testcase name="testConvertMessagesUnknownRole()" classname="org.jackhuang.hmcl.ai.langchain4j.LangChain4jChatAdapterTest" time="0.008"/>
  <testcase name="testConvertMessagesUserRole()" classname="org.jackhuang.hmcl.ai.langchain4j.LangChain4jChatAdapterTest" time="0.0"/>
  <testcase name="testConvertMessagesSystemRole()" classname="org.jackhuang.hmcl.ai.langchain4j.LangChain4jChatAdapterTest" time="0.003"/>
  <testcase name="testAdapterConstruction()" classname="org.jackhuang.hmcl.ai.langchain4j.LangChain4jChatAdapterTest" time="0.028"/>
  <testcase name="testConvertMessagesMultiple()" classname="org.jackhuang.hmcl.ai.langchain4j.LangChain4jChatAdapterTest" time="0.0"/>
  <testcase name="testWrapErrorAlreadyLlmException()" classname="org.jackhuang.hmcl.ai.langchain4j.LangChain4jChatAdapterTest" time="0.001"/>
  <testcase name="testConvertMessagesEmpty()" classname="org.jackhuang.hmcl.ai.langchain4j.LangChain4jChatAdapterTest" time="0.0"/>
  <system-out><![CDATA[]]></system-out>
  <system-err><![CDATA[]]></system-err>
</testsuite>
