<?xml version="1.0" encoding="UTF-8"?>
<testsuite name="org.jackhuang.hmcl.ai.tools.LogReaderToolTest" tests="5" skipped="0" failures="0" errors="0" timestamp="2026-06-26T22:38:23.056Z" hostname="localhost" time="0.018">
  <properties/>
  <testcase name="testReadMinecraftLog(Path)" classname="org.jackhuang.hmcl.ai.tools.LogReaderToolTest" time="0.013"/>
  <testcase name="testMissingDirectoriesReportsNotFound(Path)" classname="org.jackhuang.hmcl.ai.tools.LogReaderToolTest" time="0.001"/>
  <testcase name="testReadHmclLog(Path)" classname="org.jackhuang.hmcl.ai.tools.LogReaderToolTest" time="0.001"/>
  <testcase name="testNameAndDescription(Path)" classname="org.jackhuang.hmcl.ai.tools.LogReaderToolTest" time="0.0"/>
  <testcase name="testBothSourcesWithOnlyMinecraftAvailable(Path)" classname="org.jackhuang.hmcl.ai.tools.LogReaderToolTest" time="0.001"/>
  <system-out><![CDATA[]]></system-out>
  <system-err><![CDATA[]]></system-err>
</testsuite>
